[2021-12-04 06:27:24] local.ERROR: array_slice(): Argument #3 ($length) must be of type ?int, string given {"exception":"[object] (TypeError(code: 0): array_slice(): Argument #3 ($length) must be of type ?int, string given at C:\\Users\\alexa\\PhpstormProjects\\coffeebean-blog\\vendor\\illuminate\\collections\\Collection.php:1076)
[stacktrace]
#0 C:\\Users\\alexa\\PhpstormProjects\\coffeebean-blog\\vendor\\illuminate\\collections\\Collection.php(1076): array_slice(Array, 0, 'quae-possimus-c...', true)
#1 C:\\Users\\alexa\\PhpstormProjects\\coffeebean-blog\\vendor\\illuminate\\collections\\Collection.php(1400): Illuminate\\Support\\Collection->slice(0, 'quae-possimus-c...')
#2 C:\\Users\\alexa\\PhpstormProjects\\coffeebean-blog\\app\\Http\\Controllers\\PostController.php(14): Illuminate\\Support\\Collection->take('quae-possimus-c...')
#3 C:\\Users\\alexa\\PhpstormProjects\\coffeebean-blog\\vendor\\illuminate\\container\\BoundMethod.php(36): App\\Http\\Controllers\\PostController->latest('quae-possimus-c...')
#4 C:\\Users\\alexa\\PhpstormProjects\\coffeebean-blog\\vendor\\illuminate\\container\\Util.php(40): Illuminate\\Container\\BoundMethod::Illuminate\\Container\\{closure}()
#5 C:\\Users\\alexa\\PhpstormProjects\\coffeebean-blog\\vendor\\illuminate\\container\\BoundMethod.php(93): Illuminate\\Container\\Util::unwrapIfClosure(Object(Closure))
#6 C:\\Users\\alexa\\PhpstormProjects\\coffeebean-blog\\vendor\\illuminate\\container\\BoundMethod.php(37): Illuminate\\Container\\BoundMethod::callBoundMethod(Object(Laravel\\Lumen\\Application), Array, Object(Closure))
#7 C:\\Users\\alexa\\PhpstormProjects\\coffeebean-blog\\vendor\\illuminate\\container\\Container.php(653): Illuminate\\Container\\BoundMethod::call(Object(Laravel\\Lumen\\Application), Array, Array, NULL)
#8 C:\\Users\\alexa\\PhpstormProjects\\coffeebean-blog\\vendor\\laravel\\lumen-framework\\src\\Concerns\\RoutesRequests.php(389): Illuminate\\Container\\Container->call(Array, Array)
#9 C:\\Users\\alexa\\PhpstormProjects\\coffeebean-blog\\vendor\\laravel\\lumen-framework\\src\\Concerns\\RoutesRequests.php(355): Laravel\\Lumen\\Application->callControllerCallable(Array, Array)
#10 C:\\Users\\alexa\\PhpstormProjects\\coffeebean-blog\\vendor\\laravel\\lumen-framework\\src\\Concerns\\RoutesRequests.php(329): Laravel\\Lumen\\Application->callLumenController(Object(App\\Http\\Controllers\\PostController), 'latest', Array)
#11 C:\\Users\\alexa\\PhpstormProjects\\coffeebean-blog\\vendor\\laravel\\lumen-framework\\src\\Concerns\\RoutesRequests.php(282): Laravel\\Lumen\\Application->callControllerAction(Array)
#12 C:\\Users\\alexa\\PhpstormProjects\\coffeebean-blog\\vendor\\laravel\\lumen-framework\\src\\Concerns\\RoutesRequests.php(262): Laravel\\Lumen\\Application->callActionOnArrayBasedRoute(Array)
#13 C:\\Users\\alexa\\PhpstormProjects\\coffeebean-blog\\vendor\\laravel\\lumen-framework\\src\\Routing\\Pipeline.php(48): Laravel\\Lumen\\Application->Laravel\\Lumen\\Concerns\\{closure}(Object(Laravel\\Lumen\\Http\\Request))
#14 C:\\Users\\alexa\\PhpstormProjects\\coffeebean-blog\\app\\Http\\Middleware\\CorsMiddleware.php(7): Laravel\\Lumen\\Routing\\Pipeline->Laravel\\Lumen\\Routing\\{closure}(Object(Laravel\\Lumen\\Http\\Request))
#15 C:\\Users\\alexa\\PhpstormProjects\\coffeebean-blog\\vendor\\illuminate\\pipeline\\Pipeline.php(167): App\\Http\\Middleware\\CorsMiddleware->handle(Object(Laravel\\Lumen\\Http\\Request), Object(Closure))
#16 C:\\Users\\alexa\\PhpstormProjects\\coffeebean-blog\\vendor\\laravel\\lumen-framework\\src\\Routing\\Pipeline.php(30): Illuminate\\Pipeline\\Pipeline->Illuminate\\Pipeline\\{closure}(Object(Laravel\\Lumen\\Http\\Request))
#17 C:\\Users\\alexa\\PhpstormProjects\\coffeebean-blog\\vendor\\illuminate\\pipeline\\Pipeline.php(103): Laravel\\Lumen\\Routing\\Pipeline->Laravel\\Lumen\\Routing\\{closure}(Object(Laravel\\Lumen\\Http\\Request))
#18 C:\\Users\\alexa\\PhpstormProjects\\coffeebean-blog\\vendor\\laravel\\lumen-framework\\src\\Concerns\\RoutesRequests.php(426): Illuminate\\Pipeline\\Pipeline->then(Object(Closure))
#19 C:\\Users\\alexa\\PhpstormProjects\\coffeebean-blog\\vendor\\laravel\\lumen-framework\\src\\Concerns\\RoutesRequests.php(263): Laravel\\Lumen\\Application->sendThroughPipeline(Array, Object(Closure))
#20 C:\\Users\\alexa\\PhpstormProjects\\coffeebean-blog\\vendor\\laravel\\lumen-framework\\src\\Concerns\\RoutesRequests.php(237): Laravel\\Lumen\\Application->handleFoundRoute(Array)
#21 C:\\Users\\alexa\\PhpstormProjects\\coffeebean-blog\\vendor\\laravel\\lumen-framework\\src\\Concerns\\RoutesRequests.php(173): Laravel\\Lumen\\Application->handleDispatcherResponse(Array)
#22 C:\\Users\\alexa\\PhpstormProjects\\coffeebean-blog\\vendor\\laravel\\lumen-framework\\src\\Concerns\\RoutesRequests.php(429): Laravel\\Lumen\\Application->Laravel\\Lumen\\Concerns\\{closure}(Object(Laravel\\Lumen\\Http\\Request))
#23 C:\\Users\\alexa\\PhpstormProjects\\coffeebean-blog\\vendor\\laravel\\lumen-framework\\src\\Concerns\\RoutesRequests.php(175): Laravel\\Lumen\\Application->sendThroughPipeline(Array, Object(Closure))
#24 C:\\Users\\alexa\\PhpstormProjects\\coffeebean-blog\\vendor\\laravel\\lumen-framework\\src\\Concerns\\RoutesRequests.php(112): Laravel\\Lumen\\Application->dispatch(NULL)
#25 C:\\Users\\alexa\\PhpstormProjects\\coffeebean-blog\\public\\index.php(28): Laravel\\Lumen\\Application->run()
#26 {main}
"} 
[2021-12-04 06:27:25] local.ERROR: array_slice(): Argument #3 ($length) must be of type ?int, string given {"exception":"[object] (TypeError(code: 0): array_slice(): Argument #3 ($length) must be of type ?int, string given at C:\\Users\\alexa\\PhpstormProjects\\coffeebean-blog\\vendor\\illuminate\\collections\\Collection.php:1076)
[stacktrace]
#0 C:\\Users\\alexa\\PhpstormProjects\\coffeebean-blog\\vendor\\illuminate\\collections\\Collection.php(1076): array_slice(Array, 0, 'quae-possimus-c...', true)
#1 C:\\Users\\alexa\\PhpstormProjects\\coffeebean-blog\\vendor\\illuminate\\collections\\Collection.php(1400): Illuminate\\Support\\Collection->slice(0, 'quae-possimus-c...')
#2 C:\\Users\\alexa\\PhpstormProjects\\coffeebean-blog\\app\\Http\\Controllers\\PostController.php(14): Illuminate\\Support\\Collection->take('quae-possimus-c...')
#3 C:\\Users\\alexa\\PhpstormProjects\\coffeebean-blog\\vendor\\illuminate\\container\\BoundMethod.php(36): App\\Http\\Controllers\\PostController->latest('quae-possimus-c...')
#4 C:\\Users\\alexa\\PhpstormProjects\\coffeebean-blog\\vendor\\illuminate\\container\\Util.php(40): Illuminate\\Container\\BoundMethod::Illuminate\\Container\\{closure}()
#5 C:\\Users\\alexa\\PhpstormProjects\\coffeebean-blog\\vendor\\illuminate\\container\\BoundMethod.php(93): Illuminate\\Container\\Util::unwrapIfClosure(Object(Closure))
#6 C:\\Users\\alexa\\PhpstormProjects\\coffeebean-blog\\vendor\\illuminate\\container\\BoundMethod.php(37): Illuminate\\Container\\BoundMethod::callBoundMethod(Object(Laravel\\Lumen\\Application), Array, Object(Closure))
#7 C:\\Users\\alexa\\PhpstormProjects\\coffeebean-blog\\vendor\\illuminate\\container\\Container.php(653): Illuminate\\Container\\BoundMethod::call(Object(Laravel\\Lumen\\Application), Array, Array, NULL)
#8 C:\\Users\\alexa\\PhpstormProjects\\coffeebean-blog\\vendor\\laravel\\lumen-framework\\src\\Concerns\\RoutesRequests.php(389): Illuminate\\Container\\Container->call(Array, Array)
#9 C:\\Users\\alexa\\PhpstormProjects\\coffeebean-blog\\vendor\\laravel\\lumen-framework\\src\\Concerns\\RoutesRequests.php(355): Laravel\\Lumen\\Application->callControllerCallable(Array, Array)
#10 C:\\Users\\alexa\\PhpstormProjects\\coffeebean-blog\\vendor\\laravel\\lumen-framework\\src\\Concerns\\RoutesRequests.php(329): Laravel\\Lumen\\Application->callLumenController(Object(App\\Http\\Controllers\\PostController), 'latest', Array)
#11 C:\\Users\\alexa\\PhpstormProjects\\coffeebean-blog\\vendor\\laravel\\lumen-framework\\src\\Concerns\\RoutesRequests.php(282): Laravel\\Lumen\\Application->callControllerAction(Array)
#12 C:\\Users\\alexa\\PhpstormProjects\\coffeebean-blog\\vendor\\laravel\\lumen-framework\\src\\Concerns\\RoutesRequests.php(262): Laravel\\Lumen\\Application->callActionOnArrayBasedRoute(Array)
#13 C:\\Users\\alexa\\PhpstormProjects\\coffeebean-blog\\vendor\\laravel\\lumen-framework\\src\\Routing\\Pipeline.php(48): Laravel\\Lumen\\Application->Laravel\\Lumen\\Concerns\\{closure}(Object(Laravel\\Lumen\\Http\\Request))
#14 C:\\Users\\alexa\\PhpstormProjects\\coffeebean-blog\\app\\Http\\Middleware\\CorsMiddleware.php(7): Laravel\\Lumen\\Routing\\Pipeline->Laravel\\Lumen\\Routing\\{closure}(Object(Laravel\\Lumen\\Http\\Request))
#15 C:\\Users\\alexa\\PhpstormProjects\\coffeebean-blog\\vendor\\illuminate\\pipeline\\Pipeline.php(167): App\\Http\\Middleware\\CorsMiddleware->handle(Object(Laravel\\Lumen\\Http\\Request), Object(Closure))
#16 C:\\Users\\alexa\\PhpstormProjects\\coffeebean-blog\\vendor\\laravel\\lumen-framework\\src\\Routing\\Pipeline.php(30): Illuminate\\Pipeline\\Pipeline->Illuminate\\Pipeline\\{closure}(Object(Laravel\\Lumen\\Http\\Request))
#17 C:\\Users\\alexa\\PhpstormProjects\\coffeebean-blog\\vendor\\illuminate\\pipeline\\Pipeline.php(103): Laravel\\Lumen\\Routing\\Pipeline->Laravel\\Lumen\\Routing\\{closure}(Object(Laravel\\Lumen\\Http\\Request))
#18 C:\\Users\\alexa\\PhpstormProjects\\coffeebean-blog\\vendor\\laravel\\lumen-framework\\src\\Concerns\\RoutesRequests.php(426): Illuminate\\Pipeline\\Pipeline->then(Object(Closure))
#19 C:\\Users\\alexa\\PhpstormProjects\\coffeebean-blog\\vendor\\laravel\\lumen-framework\\src\\Concerns\\RoutesRequests.php(263): Laravel\\Lumen\\Application->sendThroughPipeline(Array, Object(Closure))
#20 C:\\Users\\alexa\\PhpstormProjects\\coffeebean-blog\\vendor\\laravel\\lumen-framework\\src\\Concerns\\RoutesRequests.php(237): Laravel\\Lumen\\Application->handleFoundRoute(Array)
#21 C:\\Users\\alexa\\PhpstormProjects\\coffeebean-blog\\vendor\\laravel\\lumen-framework\\src\\Concerns\\RoutesRequests.php(173): Laravel\\Lumen\\Application->handleDispatcherResponse(Array)
#22 C:\\Users\\alexa\\PhpstormProjects\\coffeebean-blog\\vendor\\laravel\\lumen-framework\\src\\Concerns\\RoutesRequests.php(429): Laravel\\Lumen\\Application->Laravel\\Lumen\\Concerns\\{closure}(Object(Laravel\\Lumen\\Http\\Request))
#23 C:\\Users\\alexa\\PhpstormProjects\\coffeebean-blog\\vendor\\laravel\\lumen-framework\\src\\Concerns\\RoutesRequests.php(175): Laravel\\Lumen\\Application->sendThroughPipeline(Array, Object(Closure))
#24 C:\\Users\\alexa\\PhpstormProjects\\coffeebean-blog\\vendor\\laravel\\lumen-framework\\src\\Concerns\\RoutesRequests.php(112): Laravel\\Lumen\\Application->dispatch(NULL)
#25 C:\\Users\\alexa\\PhpstormProjects\\coffeebean-blog\\public\\index.php(28): Laravel\\Lumen\\Application->run()
#26 {main}
"} 
[2021-12-04 11:34:32] local.ERROR: SQLSTATE[HY000] [2002] No connection could be made because the target machine actively refused it (SQL: select * from `posts` where `is_published` = 1) {"exception":"[object] (Illuminate\\Database\\QueryException(code: 2002): SQLSTATE[HY000] [2002] No connection could be made because the target machine actively refused it (SQL: select * from `posts` where `is_published` = 1) at C:\\Users\\alexa\\PhpstormProjects\\coffeebean-blog\\vendor\\illuminate\\database\\Connection.php:703)
[stacktrace]
#0 C:\\Users\\alexa\\PhpstormProjects\\coffeebean-blog\\vendor\\illuminate\\database\\Connection.php(663): Illuminate\\Database\\Connection->runQueryCallback('select * from `...', Array, Object(Closure))
#1 C:\\Users\\alexa\\PhpstormProjects\\coffeebean-blog\\vendor\\illuminate\\database\\Connection.php(367): Illuminate\\Database\\Connection->run('select * from `...', Array, Object(Closure))
#2 C:\\Users\\alexa\\PhpstormProjects\\coffeebean-blog\\vendor\\illuminate\\database\\Query\\Builder.php(2352): Illuminate\\Database\\Connection->select('select * from `...', Array, true)
#3 C:\\Users\\alexa\\PhpstormProjects\\coffeebean-blog\\vendor\\illuminate\\database\\Query\\Builder.php(2340): Illuminate\\Database\\Query\\Builder->runSelect()
#4 C:\\Users\\alexa\\PhpstormProjects\\coffeebean-blog\\vendor\\illuminate\\database\\Query\\Builder.php(2874): Illuminate\\Database\\Query\\Builder->Illuminate\\Database\\Query\\{closure}()
#5 C:\\Users\\alexa\\PhpstormProjects\\coffeebean-blog\\vendor\\illuminate\\database\\Query\\Builder.php(2341): Illuminate\\Database\\Query\\Builder->onceWithColumns(Array, Object(Closure))
#6 C:\\Users\\alexa\\PhpstormProjects\\coffeebean-blog\\vendor\\illuminate\\database\\Eloquent\\Builder.php(616): Illuminate\\Database\\Query\\Builder->get(Array)
#7 C:\\Users\\alexa\\PhpstormProjects\\coffeebean-blog\\vendor\\illuminate\\database\\Eloquent\\Builder.php(600): Illuminate\\Database\\Eloquent\\Builder->getModels(Array)
#8 C:\\Users\\alexa\\PhpstormProjects\\coffeebean-blog\\app\\Http\\Controllers\\PostController.php(28): Illuminate\\Database\\Eloquent\\Builder->get()
#9 C:\\Users\\alexa\\PhpstormProjects\\coffeebean-blog\\vendor\\illuminate\\container\\BoundMethod.php(36): App\\Http\\Controllers\\PostController->count()
#10 C:\\Users\\alexa\\PhpstormProjects\\coffeebean-blog\\vendor\\illuminate\\container\\Util.php(40): Illuminate\\Container\\BoundMethod::Illuminate\\Container\\{closure}()
#11 C:\\Users\\alexa\\PhpstormProjects\\coffeebean-blog\\vendor\\illuminate\\container\\BoundMethod.php(93): Illuminate\\Container\\Util::unwrapIfClosure(Object(Closure))
#12 C:\\Users\\alexa\\PhpstormProjects\\coffeebean-blog\\vendor\\illuminate\\container\\BoundMethod.php(37): Illuminate\\Container\\BoundMethod::callBoundMethod(Object(Laravel\\Lumen\\Application), Array, Object(Closure))
#13 C:\\Users\\alexa\\PhpstormProjects\\coffeebean-blog\\vendor\\illuminate\\container\\Container.php(653): Illuminate\\Container\\BoundMethod::call(Object(Laravel\\Lumen\\Application), Array, Array, NULL)
#14 C:\\Users\\alexa\\PhpstormProjects\\coffeebean-blog\\vendor\\laravel\\lumen-framework\\src\\Concerns\\RoutesRequests.php(389): Illuminate\\Container\\Container->call(Array, Array)
#15 C:\\Users\\alexa\\PhpstormProjects\\coffeebean-blog\\vendor\\laravel\\lumen-framework\\src\\Concerns\\RoutesRequests.php(355): Laravel\\Lumen\\Application->callControllerCallable(Array, Array)
#16 C:\\Users\\alexa\\PhpstormProjects\\coffeebean-blog\\vendor\\laravel\\lumen-framework\\src\\Concerns\\RoutesRequests.php(329): Laravel\\Lumen\\Application->callLumenController(Object(App\\Http\\Controllers\\PostController), 'count', Array)
#17 C:\\Users\\alexa\\PhpstormProjects\\coffeebean-blog\\vendor\\laravel\\lumen-framework\\src\\Concerns\\RoutesRequests.php(282): Laravel\\Lumen\\Application->callControllerAction(Array)
#18 C:\\Users\\alexa\\PhpstormProjects\\coffeebean-blog\\vendor\\laravel\\lumen-framework\\src\\Concerns\\RoutesRequests.php(262): Laravel\\Lumen\\Application->callActionOnArrayBasedRoute(Array)
#19 C:\\Users\\alexa\\PhpstormProjects\\coffeebean-blog\\vendor\\laravel\\lumen-framework\\src\\Routing\\Pipeline.php(48): Laravel\\Lumen\\Application->Laravel\\Lumen\\Concerns\\{closure}(Object(Laravel\\Lumen\\Http\\Request))
#20 C:\\Users\\alexa\\PhpstormProjects\\coffeebean-blog\\app\\Http\\Middleware\\CorsMiddleware.php(7): Laravel\\Lumen\\Routing\\Pipeline->Laravel\\Lumen\\Routing\\{closure}(Object(Laravel\\Lumen\\Http\\Request))
#21 C:\\Users\\alexa\\PhpstormProjects\\coffeebean-blog\\vendor\\illuminate\\pipeline\\Pipeline.php(167): App\\Http\\Middleware\\CorsMiddleware->handle(Object(Laravel\\Lumen\\Http\\Request), Object(Closure))
#22 C:\\Users\\alexa\\PhpstormProjects\\coffeebean-blog\\vendor\\laravel\\lumen-framework\\src\\Routing\\Pipeline.php(30): Illuminate\\Pipeline\\Pipeline->Illuminate\\Pipeline\\{closure}(Object(Laravel\\Lumen\\Http\\Request))
#23 C:\\Users\\alexa\\PhpstormProjects\\coffeebean-blog\\vendor\\illuminate\\pipeline\\Pipeline.php(103): Laravel\\Lumen\\Routing\\Pipeline->Laravel\\Lumen\\Routing\\{closure}(Object(Laravel\\Lumen\\Http\\Request))
#24 C:\\Users\\alexa\\PhpstormProjects\\coffeebean-blog\\vendor\\laravel\\lumen-framework\\src\\Concerns\\RoutesRequests.php(426): Illuminate\\Pipeline\\Pipeline->then(Object(Closure))
#25 C:\\Users\\alexa\\PhpstormProjects\\coffeebean-blog\\vendor\\laravel\\lumen-framework\\src\\Concerns\\RoutesRequests.php(263): Laravel\\Lumen\\Application->sendThroughPipeline(Array, Object(Closure))
#26 C:\\Users\\alexa\\PhpstormProjects\\coffeebean-blog\\vendor\\laravel\\lumen-framework\\src\\Concerns\\RoutesRequests.php(169): Laravel\\Lumen\\Application->handleFoundRoute(Array)
#27 C:\\Users\\alexa\\PhpstormProjects\\coffeebean-blog\\vendor\\laravel\\lumen-framework\\src\\Concerns\\RoutesRequests.php(429): Laravel\\Lumen\\Application->Laravel\\Lumen\\Concerns\\{closure}(Object(Laravel\\Lumen\\Http\\Request))
#28 C:\\Users\\alexa\\PhpstormProjects\\coffeebean-blog\\vendor\\laravel\\lumen-framework\\src\\Concerns\\RoutesRequests.php(175): Laravel\\Lumen\\Application->sendThroughPipeline(Array, Object(Closure))
#29 C:\\Users\\alexa\\PhpstormProjects\\coffeebean-blog\\vendor\\laravel\\lumen-framework\\src\\Concerns\\RoutesRequests.php(112): Laravel\\Lumen\\Application->dispatch(NULL)
#30 C:\\Users\\alexa\\PhpstormProjects\\coffeebean-blog\\public\\index.php(28): Laravel\\Lumen\\Application->run()
#31 {main}

[previous exception] [object] (PDOException(code: 2002): SQLSTATE[HY000] [2002] No connection could be made because the target machine actively refused it at C:\\Users\\alexa\\PhpstormProjects\\coffeebean-blog\\vendor\\illuminate\\database\\Connectors\\Connector.php:70)
[stacktrace]
#0 C:\\Users\\alexa\\PhpstormProjects\\coffeebean-blog\\vendor\\illuminate\\database\\Connectors\\Connector.php(70): PDO->__construct('mysql:host=127....', 'root', '', Array)
#1 C:\\Users\\alexa\\PhpstormProjects\\coffeebean-blog\\vendor\\illuminate\\database\\Connectors\\Connector.php(46): Illuminate\\Database\\Connectors\\Connector->createPdoConnection('mysql:host=127....', 'root', '', Array)
#2 C:\\Users\\alexa\\PhpstormProjects\\coffeebean-blog\\vendor\\illuminate\\database\\Connectors\\MySqlConnector.php(24): Illuminate\\Database\\Connectors\\Connector->createConnection('mysql:host=127....', Array, Array)
#3 C:\\Users\\alexa\\PhpstormProjects\\coffeebean-blog\\vendor\\illuminate\\database\\Connectors\\ConnectionFactory.php(184): Illuminate\\Database\\Connectors\\MySqlConnector->connect(Array)
#4 [internal function]: Illuminate\\Database\\Connectors\\ConnectionFactory->Illuminate\\Database\\Connectors\\{closure}()
#5 C:\\Users\\alexa\\PhpstormProjects\\coffeebean-blog\\vendor\\illuminate\\database\\Connection.php(1021): call_user_func(Object(Closure))
#6 C:\\Users\\alexa\\PhpstormProjects\\coffeebean-blog\\vendor\\illuminate\\database\\Connection.php(1057): Illuminate\\Database\\Connection->getPdo()
#7 C:\\Users\\alexa\\PhpstormProjects\\coffeebean-blog\\vendor\\illuminate\\database\\Connection.php(433): Illuminate\\Database\\Connection->getReadPdo()
#8 C:\\Users\\alexa\\PhpstormProjects\\coffeebean-blog\\vendor\\illuminate\\database\\Connection.php(359): Illuminate\\Database\\Connection->getPdoForSelect(true)
#9 C:\\Users\\alexa\\PhpstormProjects\\coffeebean-blog\\vendor\\illuminate\\database\\Connection.php(696): Illuminate\\Database\\Connection->Illuminate\\Database\\{closure}('select * from `...', Array)
#10 C:\\Users\\alexa\\PhpstormProjects\\coffeebean-blog\\vendor\\illuminate\\database\\Connection.php(663): Illuminate\\Database\\Connection->runQueryCallback('select * from `...', Array, Object(Closure))
#11 C:\\Users\\alexa\\PhpstormProjects\\coffeebean-blog\\vendor\\illuminate\\database\\Connection.php(367): Illuminate\\Database\\Connection->run('select * from `...', Array, Object(Closure))
#12 C:\\Users\\alexa\\PhpstormProjects\\coffeebean-blog\\vendor\\illuminate\\database\\Query\\Builder.php(2352): Illuminate\\Database\\Connection->select('select * from `...', Array, true)
#13 C:\\Users\\alexa\\PhpstormProjects\\coffeebean-blog\\vendor\\illuminate\\database\\Query\\Builder.php(2340): Illuminate\\Database\\Query\\Builder->runSelect()
#14 C:\\Users\\alexa\\PhpstormProjects\\coffeebean-blog\\vendor\\illuminate\\database\\Query\\Builder.php(2874): Illuminate\\Database\\Query\\Builder->Illuminate\\Database\\Query\\{closure}()
#15 C:\\Users\\alexa\\PhpstormProjects\\coffeebean-blog\\vendor\\illuminate\\database\\Query\\Builder.php(2341): Illuminate\\Database\\Query\\Builder->onceWithColumns(Array, Object(Closure))
#16 C:\\Users\\alexa\\PhpstormProjects\\coffeebean-blog\\vendor\\illuminate\\database\\Eloquent\\Builder.php(616): Illuminate\\Database\\Query\\Builder->get(Array)
#17 C:\\Users\\alexa\\PhpstormProjects\\coffeebean-blog\\vendor\\illuminate\\database\\Eloquent\\Builder.php(600): Illuminate\\Database\\Eloquent\\Builder->getModels(Array)
#18 C:\\Users\\alexa\\PhpstormProjects\\coffeebean-blog\\app\\Http\\Controllers\\PostController.php(28): Illuminate\\Database\\Eloquent\\Builder->get()
#19 C:\\Users\\alexa\\PhpstormProjects\\coffeebean-blog\\vendor\\illuminate\\container\\BoundMethod.php(36): App\\Http\\Controllers\\PostController->count()
#20 C:\\Users\\alexa\\PhpstormProjects\\coffeebean-blog\\vendor\\illuminate\\container\\Util.php(40): Illuminate\\Container\\BoundMethod::Illuminate\\Container\\{closure}()
#21 C:\\Users\\alexa\\PhpstormProjects\\coffeebean-blog\\vendor\\illuminate\\container\\BoundMethod.php(93): Illuminate\\Container\\Util::unwrapIfClosure(Object(Closure))
#22 C:\\Users\\alexa\\PhpstormProjects\\coffeebean-blog\\vendor\\illuminate\\container\\BoundMethod.php(37): Illuminate\\Container\\BoundMethod::callBoundMethod(Object(Laravel\\Lumen\\Application), Array, Object(Closure))
#23 C:\\Users\\alexa\\PhpstormProjects\\coffeebean-blog\\vendor\\illuminate\\container\\Container.php(653): Illuminate\\Container\\BoundMethod::call(Object(Laravel\\Lumen\\Application), Array, Array, NULL)
#24 C:\\Users\\alexa\\PhpstormProjects\\coffeebean-blog\\vendor\\laravel\\lumen-framework\\src\\Concerns\\RoutesRequests.php(389): Illuminate\\Container\\Container->call(Array, Array)
#25 C:\\Users\\alexa\\PhpstormProjects\\coffeebean-blog\\vendor\\laravel\\lumen-framework\\src\\Concerns\\RoutesRequests.php(355): Laravel\\Lumen\\Application->callControllerCallable(Array, Array)
#26 C:\\Users\\alexa\\PhpstormProjects\\coffeebean-blog\\vendor\\laravel\\lumen-framework\\src\\Concerns\\RoutesRequests.php(329): Laravel\\Lumen\\Application->callLumenController(Object(App\\Http\\Controllers\\PostController), 'count', Array)
#27 C:\\Users\\alexa\\PhpstormProjects\\coffeebean-blog\\vendor\\laravel\\lumen-framework\\src\\Concerns\\RoutesRequests.php(282): Laravel\\Lumen\\Application->callControllerAction(Array)
#28 C:\\Users\\alexa\\PhpstormProjects\\coffeebean-blog\\vendor\\laravel\\lumen-framework\\src\\Concerns\\RoutesRequests.php(262): Laravel\\Lumen\\Application->callActionOnArrayBasedRoute(Array)
#29 C:\\Users\\alexa\\PhpstormProjects\\coffeebean-blog\\vendor\\laravel\\lumen-framework\\src\\Routing\\Pipeline.php(48): Laravel\\Lumen\\Application->Laravel\\Lumen\\Concerns\\{closure}(Object(Laravel\\Lumen\\Http\\Request))
#30 C:\\Users\\alexa\\PhpstormProjects\\coffeebean-blog\\app\\Http\\Middleware\\CorsMiddleware.php(7): Laravel\\Lumen\\Routing\\Pipeline->Laravel\\Lumen\\Routing\\{closure}(Object(Laravel\\Lumen\\Http\\Request))
#31 C:\\Users\\alexa\\PhpstormProjects\\coffeebean-blog\\vendor\\illuminate\\pipeline\\Pipeline.php(167): App\\Http\\Middleware\\CorsMiddleware->handle(Object(Laravel\\Lumen\\Http\\Request), Object(Closure))
#32 C:\\Users\\alexa\\PhpstormProjects\\coffeebean-blog\\vendor\\laravel\\lumen-framework\\src\\Routing\\Pipeline.php(30): Illuminate\\Pipeline\\Pipeline->Illuminate\\Pipeline\\{closure}(Object(Laravel\\Lumen\\Http\\Request))
#33 C:\\Users\\alexa\\PhpstormProjects\\coffeebean-blog\\vendor\\illuminate\\pipeline\\Pipeline.php(103): Laravel\\Lumen\\Routing\\Pipeline->Laravel\\Lumen\\Routing\\{closure}(Object(Laravel\\Lumen\\Http\\Request))
#34 C:\\Users\\alexa\\PhpstormProjects\\coffeebean-blog\\vendor\\laravel\\lumen-framework\\src\\Concerns\\RoutesRequests.php(426): Illuminate\\Pipeline\\Pipeline->then(Object(Closure))
#35 C:\\Users\\alexa\\PhpstormProjects\\coffeebean-blog\\vendor\\laravel\\lumen-framework\\src\\Concerns\\RoutesRequests.php(263): Laravel\\Lumen\\Application->sendThroughPipeline(Array, Object(Closure))
#36 C:\\Users\\alexa\\PhpstormProjects\\coffeebean-blog\\vendor\\laravel\\lumen-framework\\src\\Concerns\\RoutesRequests.php(169): Laravel\\Lumen\\Application->handleFoundRoute(Array)
#37 C:\\Users\\alexa\\PhpstormProjects\\coffeebean-blog\\vendor\\laravel\\lumen-framework\\src\\Concerns\\RoutesRequests.php(429): Laravel\\Lumen\\Application->Laravel\\Lumen\\Concerns\\{closure}(Object(Laravel\\Lumen\\Http\\Request))
#38 C:\\Users\\alexa\\PhpstormProjects\\coffeebean-blog\\vendor\\laravel\\lumen-framework\\src\\Concerns\\RoutesRequests.php(175): Laravel\\Lumen\\Application->sendThroughPipeline(Array, Object(Closure))
#39 C:\\Users\\alexa\\PhpstormProjects\\coffeebean-blog\\vendor\\laravel\\lumen-framework\\src\\Concerns\\RoutesRequests.php(112): Laravel\\Lumen\\Application->dispatch(NULL)
#40 C:\\Users\\alexa\\PhpstormProjects\\coffeebean-blog\\public\\index.php(28): Laravel\\Lumen\\Application->run()
#41 {main}
"} 
[2021-12-04 11:34:34] local.ERROR: SQLSTATE[HY000] [2002] No connection could be made because the target machine actively refused it (SQL: select * from `posts` where `is_published` = 1) {"exception":"[object] (Illuminate\\Database\\QueryException(code: 2002): SQLSTATE[HY000] [2002] No connection could be made because the target machine actively refused it (SQL: select * from `posts` where `is_published` = 1) at C:\\Users\\alexa\\PhpstormProjects\\coffeebean-blog\\vendor\\illuminate\\database\\Connection.php:703)
[stacktrace]
#0 C:\\Users\\alexa\\PhpstormProjects\\coffeebean-blog\\vendor\\illuminate\\database\\Connection.php(663): Illuminate\\Database\\Connection->runQueryCallback('select * from `...', Array, Object(Closure))
#1 C:\\Users\\alexa\\PhpstormProjects\\coffeebean-blog\\vendor\\illuminate\\database\\Connection.php(367): Illuminate\\Database\\Connection->run('select * from `...', Array, Object(Closure))
#2 C:\\Users\\alexa\\PhpstormProjects\\coffeebean-blog\\vendor\\illuminate\\database\\Query\\Builder.php(2352): Illuminate\\Database\\Connection->select('select * from `...', Array, true)
#3 C:\\Users\\alexa\\PhpstormProjects\\coffeebean-blog\\vendor\\illuminate\\database\\Query\\Builder.php(2340): Illuminate\\Database\\Query\\Builder->runSelect()
#4 C:\\Users\\alexa\\PhpstormProjects\\coffeebean-blog\\vendor\\illuminate\\database\\Query\\Builder.php(2874): Illuminate\\Database\\Query\\Builder->Illuminate\\Database\\Query\\{closure}()
#5 C:\\Users\\alexa\\PhpstormProjects\\coffeebean-blog\\vendor\\illuminate\\database\\Query\\Builder.php(2341): Illuminate\\Database\\Query\\Builder->onceWithColumns(Array, Object(Closure))
#6 C:\\Users\\alexa\\PhpstormProjects\\coffeebean-blog\\vendor\\illuminate\\database\\Eloquent\\Builder.php(616): Illuminate\\Database\\Query\\Builder->get(Array)
#7 C:\\Users\\alexa\\PhpstormProjects\\coffeebean-blog\\vendor\\illuminate\\database\\Eloquent\\Builder.php(600): Illuminate\\Database\\Eloquent\\Builder->getModels(Array)
#8 C:\\Users\\alexa\\PhpstormProjects\\coffeebean-blog\\app\\Http\\Controllers\\PostController.php(28): Illuminate\\Database\\Eloquent\\Builder->get()
#9 C:\\Users\\alexa\\PhpstormProjects\\coffeebean-blog\\vendor\\illuminate\\container\\BoundMethod.php(36): App\\Http\\Controllers\\PostController->count()
#10 C:\\Users\\alexa\\PhpstormProjects\\coffeebean-blog\\vendor\\illuminate\\container\\Util.php(40): Illuminate\\Container\\BoundMethod::Illuminate\\Container\\{closure}()
#11 C:\\Users\\alexa\\PhpstormProjects\\coffeebean-blog\\vendor\\illuminate\\container\\BoundMethod.php(93): Illuminate\\Container\\Util::unwrapIfClosure(Object(Closure))
#12 C:\\Users\\alexa\\PhpstormProjects\\coffeebean-blog\\vendor\\illuminate\\container\\BoundMethod.php(37): Illuminate\\Container\\BoundMethod::callBoundMethod(Object(Laravel\\Lumen\\Application), Array, Object(Closure))
#13 C:\\Users\\alexa\\PhpstormProjects\\coffeebean-blog\\vendor\\illuminate\\container\\Container.php(653): Illuminate\\Container\\BoundMethod::call(Object(Laravel\\Lumen\\Application), Array, Array, NULL)
#14 C:\\Users\\alexa\\PhpstormProjects\\coffeebean-blog\\vendor\\laravel\\lumen-framework\\src\\Concerns\\RoutesRequests.php(389): Illuminate\\Container\\Container->call(Array, Array)
#15 C:\\Users\\alexa\\PhpstormProjects\\coffeebean-blog\\vendor\\laravel\\lumen-framework\\src\\Concerns\\RoutesRequests.php(355): Laravel\\Lumen\\Application->callControllerCallable(Array, Array)
#16 C:\\Users\\alexa\\PhpstormProjects\\coffeebean-blog\\vendor\\laravel\\lumen-framework\\src\\Concerns\\RoutesRequests.php(329): Laravel\\Lumen\\Application->callLumenController(Object(App\\Http\\Controllers\\PostController), 'count', Array)
#17 C:\\Users\\alexa\\PhpstormProjects\\coffeebean-blog\\vendor\\laravel\\lumen-framework\\src\\Concerns\\RoutesRequests.php(282): Laravel\\Lumen\\Application->callControllerAction(Array)
#18 C:\\Users\\alexa\\PhpstormProjects\\coffeebean-blog\\vendor\\laravel\\lumen-framework\\src\\Concerns\\RoutesRequests.php(262): Laravel\\Lumen\\Application->callActionOnArrayBasedRoute(Array)
#19 C:\\Users\\alexa\\PhpstormProjects\\coffeebean-blog\\vendor\\laravel\\lumen-framework\\src\\Routing\\Pipeline.php(48): Laravel\\Lumen\\Application->Laravel\\Lumen\\Concerns\\{closure}(Object(Laravel\\Lumen\\Http\\Request))
#20 C:\\Users\\alexa\\PhpstormProjects\\coffeebean-blog\\app\\Http\\Middleware\\CorsMiddleware.php(7): Laravel\\Lumen\\Routing\\Pipeline->Laravel\\Lumen\\Routing\\{closure}(Object(Laravel\\Lumen\\Http\\Request))
#21 C:\\Users\\alexa\\PhpstormProjects\\coffeebean-blog\\vendor\\illuminate\\pipeline\\Pipeline.php(167): App\\Http\\Middleware\\CorsMiddleware->handle(Object(Laravel\\Lumen\\Http\\Request), Object(Closure))
#22 C:\\Users\\alexa\\PhpstormProjects\\coffeebean-blog\\vendor\\laravel\\lumen-framework\\src\\Routing\\Pipeline.php(30): Illuminate\\Pipeline\\Pipeline->Illuminate\\Pipeline\\{closure}(Object(Laravel\\Lumen\\Http\\Request))
#23 C:\\Users\\alexa\\PhpstormProjects\\coffeebean-blog\\vendor\\illuminate\\pipeline\\Pipeline.php(103): Laravel\\Lumen\\Routing\\Pipeline->Laravel\\Lumen\\Routing\\{closure}(Object(Laravel\\Lumen\\Http\\Request))
#24 C:\\Users\\alexa\\PhpstormProjects\\coffeebean-blog\\vendor\\laravel\\lumen-framework\\src\\Concerns\\RoutesRequests.php(426): Illuminate\\Pipeline\\Pipeline->then(Object(Closure))
#25 C:\\Users\\alexa\\PhpstormProjects\\coffeebean-blog\\vendor\\laravel\\lumen-framework\\src\\Concerns\\RoutesRequests.php(263): Laravel\\Lumen\\Application->sendThroughPipeline(Array, Object(Closure))
#26 C:\\Users\\alexa\\PhpstormProjects\\coffeebean-blog\\vendor\\laravel\\lumen-framework\\src\\Concerns\\RoutesRequests.php(169): Laravel\\Lumen\\Application->handleFoundRoute(Array)
#27 C:\\Users\\alexa\\PhpstormProjects\\coffeebean-blog\\vendor\\laravel\\lumen-framework\\src\\Concerns\\RoutesRequests.php(429): Laravel\\Lumen\\Application->Laravel\\Lumen\\Concerns\\{closure}(Object(Laravel\\Lumen\\Http\\Request))
#28 C:\\Users\\alexa\\PhpstormProjects\\coffeebean-blog\\vendor\\laravel\\lumen-framework\\src\\Concerns\\RoutesRequests.php(175): Laravel\\Lumen\\Application->sendThroughPipeline(Array, Object(Closure))
#29 C:\\Users\\alexa\\PhpstormProjects\\coffeebean-blog\\vendor\\laravel\\lumen-framework\\src\\Concerns\\RoutesRequests.php(112): Laravel\\Lumen\\Application->dispatch(NULL)
#30 C:\\Users\\alexa\\PhpstormProjects\\coffeebean-blog\\public\\index.php(28): Laravel\\Lumen\\Application->run()
#31 {main}

[previous exception] [object] (PDOException(code: 2002): SQLSTATE[HY000] [2002] No connection could be made because the target machine actively refused it at C:\\Users\\alexa\\PhpstormProjects\\coffeebean-blog\\vendor\\illuminate\\database\\Connectors\\Connector.php:70)
[stacktrace]
#0 C:\\Users\\alexa\\PhpstormProjects\\coffeebean-blog\\vendor\\illuminate\\database\\Connectors\\Connector.php(70): PDO->__construct('mysql:host=127....', 'root', '', Array)
#1 C:\\Users\\alexa\\PhpstormProjects\\coffeebean-blog\\vendor\\illuminate\\database\\Connectors\\Connector.php(46): Illuminate\\Database\\Connectors\\Connector->createPdoConnection('mysql:host=127....', 'root', '', Array)
#2 C:\\Users\\alexa\\PhpstormProjects\\coffeebean-blog\\vendor\\illuminate\\database\\Connectors\\MySqlConnector.php(24): Illuminate\\Database\\Connectors\\Connector->createConnection('mysql:host=127....', Array, Array)
#3 C:\\Users\\alexa\\PhpstormProjects\\coffeebean-blog\\vendor\\illuminate\\database\\Connectors\\ConnectionFactory.php(184): Illuminate\\Database\\Connectors\\MySqlConnector->connect(Array)
#4 [internal function]: Illuminate\\Database\\Connectors\\ConnectionFactory->Illuminate\\Database\\Connectors\\{closure}()
#5 C:\\Users\\alexa\\PhpstormProjects\\coffeebean-blog\\vendor\\illuminate\\database\\Connection.php(1021): call_user_func(Object(Closure))
#6 C:\\Users\\alexa\\PhpstormProjects\\coffeebean-blog\\vendor\\illuminate\\database\\Connection.php(1057): Illuminate\\Database\\Connection->getPdo()
#7 C:\\Users\\alexa\\PhpstormProjects\\coffeebean-blog\\vendor\\illuminate\\database\\Connection.php(433): Illuminate\\Database\\Connection->getReadPdo()
#8 C:\\Users\\alexa\\PhpstormProjects\\coffeebean-blog\\vendor\\illuminate\\database\\Connection.php(359): Illuminate\\Database\\Connection->getPdoForSelect(true)
#9 C:\\Users\\alexa\\PhpstormProjects\\coffeebean-blog\\vendor\\illuminate\\database\\Connection.php(696): Illuminate\\Database\\Connection->Illuminate\\Database\\{closure}('select * from `...', Array)
#10 C:\\Users\\alexa\\PhpstormProjects\\coffeebean-blog\\vendor\\illuminate\\database\\Connection.php(663): Illuminate\\Database\\Connection->runQueryCallback('select * from `...', Array, Object(Closure))
#11 C:\\Users\\alexa\\PhpstormProjects\\coffeebean-blog\\vendor\\illuminate\\database\\Connection.php(367): Illuminate\\Database\\Connection->run('select * from `...', Array, Object(Closure))
#12 C:\\Users\\alexa\\PhpstormProjects\\coffeebean-blog\\vendor\\illuminate\\database\\Query\\Builder.php(2352): Illuminate\\Database\\Connection->select('select * from `...', Array, true)
#13 C:\\Users\\alexa\\PhpstormProjects\\coffeebean-blog\\vendor\\illuminate\\database\\Query\\Builder.php(2340): Illuminate\\Database\\Query\\Builder->runSelect()
#14 C:\\Users\\alexa\\PhpstormProjects\\coffeebean-blog\\vendor\\illuminate\\database\\Query\\Builder.php(2874): Illuminate\\Database\\Query\\Builder->Illuminate\\Database\\Query\\{closure}()
#15 C:\\Users\\alexa\\PhpstormProjects\\coffeebean-blog\\vendor\\illuminate\\database\\Query\\Builder.php(2341): Illuminate\\Database\\Query\\Builder->onceWithColumns(Array, Object(Closure))
#16 C:\\Users\\alexa\\PhpstormProjects\\coffeebean-blog\\vendor\\illuminate\\database\\Eloquent\\Builder.php(616): Illuminate\\Database\\Query\\Builder->get(Array)
#17 C:\\Users\\alexa\\PhpstormProjects\\coffeebean-blog\\vendor\\illuminate\\database\\Eloquent\\Builder.php(600): Illuminate\\Database\\Eloquent\\Builder->getModels(Array)
#18 C:\\Users\\alexa\\PhpstormProjects\\coffeebean-blog\\app\\Http\\Controllers\\PostController.php(28): Illuminate\\Database\\Eloquent\\Builder->get()
#19 C:\\Users\\alexa\\PhpstormProjects\\coffeebean-blog\\vendor\\illuminate\\container\\BoundMethod.php(36): App\\Http\\Controllers\\PostController->count()
#20 C:\\Users\\alexa\\PhpstormProjects\\coffeebean-blog\\vendor\\illuminate\\container\\Util.php(40): Illuminate\\Container\\BoundMethod::Illuminate\\Container\\{closure}()
#21 C:\\Users\\alexa\\PhpstormProjects\\coffeebean-blog\\vendor\\illuminate\\container\\BoundMethod.php(93): Illuminate\\Container\\Util::unwrapIfClosure(Object(Closure))
#22 C:\\Users\\alexa\\PhpstormProjects\\coffeebean-blog\\vendor\\illuminate\\container\\BoundMethod.php(37): Illuminate\\Container\\BoundMethod::callBoundMethod(Object(Laravel\\Lumen\\Application), Array, Object(Closure))
#23 C:\\Users\\alexa\\PhpstormProjects\\coffeebean-blog\\vendor\\illuminate\\container\\Container.php(653): Illuminate\\Container\\BoundMethod::call(Object(Laravel\\Lumen\\Application), Array, Array, NULL)
#24 C:\\Users\\alexa\\PhpstormProjects\\coffeebean-blog\\vendor\\laravel\\lumen-framework\\src\\Concerns\\RoutesRequests.php(389): Illuminate\\Container\\Container->call(Array, Array)
#25 C:\\Users\\alexa\\PhpstormProjects\\coffeebean-blog\\vendor\\laravel\\lumen-framework\\src\\Concerns\\RoutesRequests.php(355): Laravel\\Lumen\\Application->callControllerCallable(Array, Array)
#26 C:\\Users\\alexa\\PhpstormProjects\\coffeebean-blog\\vendor\\laravel\\lumen-framework\\src\\Concerns\\RoutesRequests.php(329): Laravel\\Lumen\\Application->callLumenController(Object(App\\Http\\Controllers\\PostController), 'count', Array)
#27 C:\\Users\\alexa\\PhpstormProjects\\coffeebean-blog\\vendor\\laravel\\lumen-framework\\src\\Concerns\\RoutesRequests.php(282): Laravel\\Lumen\\Application->callControllerAction(Array)
#28 C:\\Users\\alexa\\PhpstormProjects\\coffeebean-blog\\vendor\\laravel\\lumen-framework\\src\\Concerns\\RoutesRequests.php(262): Laravel\\Lumen\\Application->callActionOnArrayBasedRoute(Array)
#29 C:\\Users\\alexa\\PhpstormProjects\\coffeebean-blog\\vendor\\laravel\\lumen-framework\\src\\Routing\\Pipeline.php(48): Laravel\\Lumen\\Application->Laravel\\Lumen\\Concerns\\{closure}(Object(Laravel\\Lumen\\Http\\Request))
#30 C:\\Users\\alexa\\PhpstormProjects\\coffeebean-blog\\app\\Http\\Middleware\\CorsMiddleware.php(7): Laravel\\Lumen\\Routing\\Pipeline->Laravel\\Lumen\\Routing\\{closure}(Object(Laravel\\Lumen\\Http\\Request))
#31 C:\\Users\\alexa\\PhpstormProjects\\coffeebean-blog\\vendor\\illuminate\\pipeline\\Pipeline.php(167): App\\Http\\Middleware\\CorsMiddleware->handle(Object(Laravel\\Lumen\\Http\\Request), Object(Closure))
#32 C:\\Users\\alexa\\PhpstormProjects\\coffeebean-blog\\vendor\\laravel\\lumen-framework\\src\\Routing\\Pipeline.php(30): Illuminate\\Pipeline\\Pipeline->Illuminate\\Pipeline\\{closure}(Object(Laravel\\Lumen\\Http\\Request))
#33 C:\\Users\\alexa\\PhpstormProjects\\coffeebean-blog\\vendor\\illuminate\\pipeline\\Pipeline.php(103): Laravel\\Lumen\\Routing\\Pipeline->Laravel\\Lumen\\Routing\\{closure}(Object(Laravel\\Lumen\\Http\\Request))
#34 C:\\Users\\alexa\\PhpstormProjects\\coffeebean-blog\\vendor\\laravel\\lumen-framework\\src\\Concerns\\RoutesRequests.php(426): Illuminate\\Pipeline\\Pipeline->then(Object(Closure))
#35 C:\\Users\\alexa\\PhpstormProjects\\coffeebean-blog\\vendor\\laravel\\lumen-framework\\src\\Concerns\\RoutesRequests.php(263): Laravel\\Lumen\\Application->sendThroughPipeline(Array, Object(Closure))
#36 C:\\Users\\alexa\\PhpstormProjects\\coffeebean-blog\\vendor\\laravel\\lumen-framework\\src\\Concerns\\RoutesRequests.php(169): Laravel\\Lumen\\Application->handleFoundRoute(Array)
#37 C:\\Users\\alexa\\PhpstormProjects\\coffeebean-blog\\vendor\\laravel\\lumen-framework\\src\\Concerns\\RoutesRequests.php(429): Laravel\\Lumen\\Application->Laravel\\Lumen\\Concerns\\{closure}(Object(Laravel\\Lumen\\Http\\Request))
#38 C:\\Users\\alexa\\PhpstormProjects\\coffeebean-blog\\vendor\\laravel\\lumen-framework\\src\\Concerns\\RoutesRequests.php(175): Laravel\\Lumen\\Application->sendThroughPipeline(Array, Object(Closure))
#39 C:\\Users\\alexa\\PhpstormProjects\\coffeebean-blog\\vendor\\laravel\\lumen-framework\\src\\Concerns\\RoutesRequests.php(112): Laravel\\Lumen\\Application->dispatch(NULL)
#40 C:\\Users\\alexa\\PhpstormProjects\\coffeebean-blog\\public\\index.php(28): Laravel\\Lumen\\Application->run()
#41 {main}
"} 
